<?xml version="1.0" encoding="UTF-8"?>
<!-- Generated by org.testng.reporters.JUnitXMLReporter -->
<testsuite hostname="Murodjons-MBP.fios-router.home" ignored="0" name="Free CRM App Test Cases" tests="7" failures="0" timestamp="24 Aug 2019 11:29:39 GMT" time="34.881" errors="0">
  <testcase name="loginPageTitleTest" time="0.05" classname="com.crm.qa.testcases.LoginPageTest"/>
  <testcase name="verifyHomePageTitleTest" time="0.005" classname="com.crm.qa.testcases.HomePageTest"/>
  <testcase name="crmLogoImageTest" time="0.042" classname="com.crm.qa.testcases.LoginPageTest"/>
  <testcase name="verifyUserNameTest" time="0.066" classname="com.crm.qa.testcases.HomePageTest"/>
  <testcase name="loginTest" time="1.763" classname="com.crm.qa.testcases.LoginPageTest"/>
  <testcase name="verifyContactsLinkTest" time="0.617" classname="com.crm.qa.testcases.HomePageTest"/>
  <testcase name="verifyCalendarLinkTest" time="0.626" classname="com.crm.qa.testcases.HomePageTest"/>
</testsuite> <!-- Free CRM App Test Cases -->
