<?xml version="1.0" encoding="UTF-8"?>
<!-- Generated by org.testng.reporters.JUnitXMLReporter -->
<testsuite hostname="Murodjons-MBP.fios-router.home" ignored="0" name="Free CRM App Test Cases" tests="10" failures="0" timestamp="25 Aug 2019 11:40:45 GMT" time="53.289" errors="0">
  <testcase name="loginPageTitleTest" time="0.053" classname="com.crm.qa.testcases.LoginPageTest"/>
  <testcase name="verifyHomePageTitleTest" time="0.005" classname="com.crm.qa.testcases.HomePageTest"/>
  <testcase name="verifyContactsPageLabel" time="0.043" classname="com.crm.qa.testcases.ContactPageTest"/>
  <testcase name="crmLogoImageTest" time="0.099" classname="com.crm.qa.testcases.LoginPageTest"/>
  <testcase name="verifyUserNameTest" time="0.063" classname="com.crm.qa.testcases.HomePageTest"/>
  <testcase name="selectSingleContactsLink" time="0.08" classname="com.crm.qa.testcases.ContactPageTest"/>
  <testcase name="loginTest" time="2.004" classname="com.crm.qa.testcases.LoginPageTest"/>
  <testcase name="verifyContactsLinkTest" time="0.661" classname="com.crm.qa.testcases.HomePageTest"/>
  <testcase name="selectMultipleContactsLink" time="0.174" classname="com.crm.qa.testcases.ContactPageTest"/>
  <testcase name="verifyCalendarLinkTest" time="0.687" classname="com.crm.qa.testcases.HomePageTest"/>
</testsuite> <!-- Free CRM App Test Cases -->
