<?xml version="1.0" encoding="UTF-8"?>
<!-- Generated by org.testng.reporters.JUnitXMLReporter -->
<testsuite hostname="Murodjons-MBP.fios-router.home" ignored="0" name="Default test" tests="3" failures="0" timestamp="25 Aug 2019 05:08:47 GMT" time="18.323" errors="0">
  <testcase name="verifyContactsPageLabel" time="0.043" classname="com.crm.qa.testcases.ContactPageTest"/>
  <testcase name="selectSingleContactsLink" time="0.084" classname="com.crm.qa.testcases.ContactPageTest"/>
  <testcase name="selectMultipleContactsLink" time="0.179" classname="com.crm.qa.testcases.ContactPageTest"/>
</testsuite> <!-- Default test -->
