<?xml version="1.0" encoding="UTF-8"?>
<!-- Generated by org.testng.reporters.JUnitXMLReporter -->
<testsuite hostname="Murodjons-MBP.fios-router.home" ignored="0" name="Command line test" tests="10" failures="0" timestamp="25 Aug 2019 05:04:32 GMT" time="52.575" errors="0">
  <testcase name="verifyContactsPageLabel" time="0.043" classname="com.crm.qa.testcases.ContactPageTest"/>
  <testcase name="verifyHomePageTitleTest" time="0.005" classname="com.crm.qa.testcases.HomePageTest"/>
  <testcase name="loginPageTitleTest" time="0.055" classname="com.crm.qa.testcases.LoginPageTest"/>
  <testcase name="selectSingleContactsLink" time="0.078" classname="com.crm.qa.testcases.ContactPageTest"/>
  <testcase name="verifyUserNameTest" time="0.058" classname="com.crm.qa.testcases.HomePageTest"/>
  <testcase name="crmLogoImageTest" time="0.047" classname="com.crm.qa.testcases.LoginPageTest"/>
  <testcase name="selectMultipleContactsLink" time="0.176" classname="com.crm.qa.testcases.ContactPageTest"/>
  <testcase name="verifyContactsLinkTest" time="0.632" classname="com.crm.qa.testcases.HomePageTest"/>
  <testcase name="loginTest" time="1.793" classname="com.crm.qa.testcases.LoginPageTest"/>
  <testcase name="verifyCalendarLinkTest" time="0.626" classname="com.crm.qa.testcases.HomePageTest"/>
</testsuite> <!-- Command line test -->
