<?xml version="1.0" encoding="UTF-8"?>
<testng-results skipped="0" failed="0" ignored="0" total="10" passed="10">
  <reporter-output>
  </reporter-output>
  <suite name="Command line suite" duration-ms="53076" started-at="2019-08-25T05:15:46Z" finished-at="2019-08-25T05:16:39Z">
    <groups>
    </groups>
    <test name="Command line test" duration-ms="53076" started-at="2019-08-25T05:15:46Z" finished-at="2019-08-25T05:16:39Z">
      <class name="com.crm.qa.testcases.ContactPageTest">
        <test-method status="PASS" signature="setUp()[pri:0, instance:com.crm.qa.testcases.ContactPageTest@2ed94a8b]" name="setUp" is-config="true" duration-ms="6580" started-at="2019-08-25T01:15:46Z" finished-at="2019-08-25T01:15:53Z">
          <reporter-output>
          </reporter-output>
        </test-method> <!-- setUp -->
        <test-method status="PASS" signature="verifyContactsPageLabel()[pri:1, instance:com.crm.qa.testcases.ContactPageTest@2ed94a8b]" name="verifyContactsPageLabel" duration-ms="39" started-at="2019-08-25T01:15:53Z" finished-at="2019-08-25T01:15:53Z">
          <reporter-output>
          </reporter-output>
        </test-method> <!-- verifyContactsPageLabel -->
        <test-method status="PASS" signature="tearDown()[pri:0, instance:com.crm.qa.testcases.ContactPageTest@2ed94a8b]" name="tearDown" is-config="true" duration-ms="95" started-at="2019-08-25T01:15:53Z" finished-at="2019-08-25T01:15:53Z">
          <reporter-output>
          </reporter-output>
        </test-method> <!-- tearDown -->
        <test-method status="PASS" signature="setUp()[pri:0, instance:com.crm.qa.testcases.ContactPageTest@2ed94a8b]" name="setUp" is-config="true" duration-ms="5395" started-at="2019-08-25T01:16:01Z" finished-at="2019-08-25T01:16:06Z">
          <reporter-output>
          </reporter-output>
        </test-method> <!-- setUp -->
        <test-method status="PASS" signature="selectSingleContactsLink()[pri:2, instance:com.crm.qa.testcases.ContactPageTest@2ed94a8b]" name="selectSingleContactsLink" duration-ms="72" started-at="2019-08-25T01:16:06Z" finished-at="2019-08-25T01:16:06Z">
          <reporter-output>
          </reporter-output>
        </test-method> <!-- selectSingleContactsLink -->
        <test-method status="PASS" signature="tearDown()[pri:0, instance:com.crm.qa.testcases.ContactPageTest@2ed94a8b]" name="tearDown" is-config="true" duration-ms="94" started-at="2019-08-25T01:16:06Z" finished-at="2019-08-25T01:16:07Z">
          <reporter-output>
          </reporter-output>
        </test-method> <!-- tearDown -->
        <test-method status="PASS" signature="setUp()[pri:0, instance:com.crm.qa.testcases.ContactPageTest@2ed94a8b]" name="setUp" is-config="true" duration-ms="5699" started-at="2019-08-25T01:16:15Z" finished-at="2019-08-25T01:16:21Z">
          <reporter-output>
          </reporter-output>
        </test-method> <!-- setUp -->
        <test-method status="PASS" signature="selectMultipleContactsLink()[pri:3, instance:com.crm.qa.testcases.ContactPageTest@2ed94a8b]" name="selectMultipleContactsLink" duration-ms="179" started-at="2019-08-25T01:16:21Z" finished-at="2019-08-25T01:16:21Z">
          <reporter-output>
          </reporter-output>
        </test-method> <!-- selectMultipleContactsLink -->
        <test-method status="PASS" signature="tearDown()[pri:0, instance:com.crm.qa.testcases.ContactPageTest@2ed94a8b]" name="tearDown" is-config="true" duration-ms="93" started-at="2019-08-25T01:16:21Z" finished-at="2019-08-25T01:16:21Z">
          <reporter-output>
          </reporter-output>
        </test-method> <!-- tearDown -->
      </class> <!-- com.crm.qa.testcases.ContactPageTest -->
      <class name="com.crm.qa.testcases.HomePageTest">
        <test-method status="PASS" signature="setUp()[pri:0, instance:com.crm.qa.testcases.HomePageTest@38082d64]" name="setUp" is-config="true" duration-ms="4853" started-at="2019-08-25T01:15:53Z" finished-at="2019-08-25T01:15:58Z">
          <reporter-output>
          </reporter-output>
        </test-method> <!-- setUp -->
        <test-method status="PASS" signature="verifyHomePageTitleTest()[pri:1, instance:com.crm.qa.testcases.HomePageTest@38082d64]" name="verifyHomePageTitleTest" duration-ms="5" started-at="2019-08-25T01:15:58Z" finished-at="2019-08-25T01:15:58Z">
          <reporter-output>
          </reporter-output>
        </test-method> <!-- verifyHomePageTitleTest -->
        <test-method status="PASS" signature="tearDown()[pri:0, instance:com.crm.qa.testcases.HomePageTest@38082d64]" name="tearDown" is-config="true" duration-ms="90" started-at="2019-08-25T01:15:58Z" finished-at="2019-08-25T01:15:58Z">
          <reporter-output>
          </reporter-output>
        </test-method> <!-- tearDown -->
        <test-method status="PASS" signature="setUp()[pri:0, instance:com.crm.qa.testcases.HomePageTest@38082d64]" name="setUp" is-config="true" duration-ms="5325" started-at="2019-08-25T01:16:07Z" finished-at="2019-08-25T01:16:12Z">
          <reporter-output>
          </reporter-output>
        </test-method> <!-- setUp -->
        <test-method status="PASS" signature="verifyUserNameTest()[pri:2, instance:com.crm.qa.testcases.HomePageTest@38082d64]" name="verifyUserNameTest" duration-ms="61" started-at="2019-08-25T01:16:12Z" finished-at="2019-08-25T01:16:12Z">
          <reporter-output>
          </reporter-output>
        </test-method> <!-- verifyUserNameTest -->
        <test-method status="PASS" signature="tearDown()[pri:0, instance:com.crm.qa.testcases.HomePageTest@38082d64]" name="tearDown" is-config="true" duration-ms="91" started-at="2019-08-25T01:16:12Z" finished-at="2019-08-25T01:16:12Z">
          <reporter-output>
          </reporter-output>
        </test-method> <!-- tearDown -->
        <test-method status="PASS" signature="setUp()[pri:0, instance:com.crm.qa.testcases.HomePageTest@38082d64]" name="setUp" is-config="true" duration-ms="4984" started-at="2019-08-25T01:16:21Z" finished-at="2019-08-25T01:16:26Z">
          <reporter-output>
          </reporter-output>
        </test-method> <!-- setUp -->
        <test-method status="PASS" signature="verifyContactsLinkTest()[pri:3, instance:com.crm.qa.testcases.HomePageTest@38082d64]" name="verifyContactsLinkTest" duration-ms="642" started-at="2019-08-25T01:16:26Z" finished-at="2019-08-25T01:16:27Z">
          <reporter-output>
          </reporter-output>
        </test-method> <!-- verifyContactsLinkTest -->
        <test-method status="PASS" signature="tearDown()[pri:0, instance:com.crm.qa.testcases.HomePageTest@38082d64]" name="tearDown" is-config="true" duration-ms="96" started-at="2019-08-25T01:16:27Z" finished-at="2019-08-25T01:16:27Z">
          <reporter-output>
          </reporter-output>
        </test-method> <!-- tearDown -->
        <test-method status="PASS" signature="setUp()[pri:0, instance:com.crm.qa.testcases.HomePageTest@38082d64]" name="setUp" is-config="true" duration-ms="5127" started-at="2019-08-25T01:16:33Z" finished-at="2019-08-25T01:16:38Z">
          <reporter-output>
          </reporter-output>
        </test-method> <!-- setUp -->
        <test-method status="PASS" signature="verifyCalendarLinkTest()[pri:4, instance:com.crm.qa.testcases.HomePageTest@38082d64]" name="verifyCalendarLinkTest" duration-ms="605" started-at="2019-08-25T01:16:38Z" finished-at="2019-08-25T01:16:39Z">
          <reporter-output>
          </reporter-output>
        </test-method> <!-- verifyCalendarLinkTest -->
        <test-method status="PASS" signature="tearDown()[pri:0, instance:com.crm.qa.testcases.HomePageTest@38082d64]" name="tearDown" is-config="true" duration-ms="92" started-at="2019-08-25T01:16:39Z" finished-at="2019-08-25T01:16:39Z">
          <reporter-output>
          </reporter-output>
        </test-method> <!-- tearDown -->
      </class> <!-- com.crm.qa.testcases.HomePageTest -->
      <class name="com.crm.qa.testcases.LoginPageTest">
        <test-method status="PASS" signature="setUp()[pri:0, instance:com.crm.qa.testcases.LoginPageTest@dfd3711]" name="setUp" is-config="true" duration-ms="3134" started-at="2019-08-25T01:15:58Z" finished-at="2019-08-25T01:16:01Z">
          <reporter-output>
          </reporter-output>
        </test-method> <!-- setUp -->
        <test-method status="PASS" signature="loginPageTitleTest()[pri:1, instance:com.crm.qa.testcases.LoginPageTest@dfd3711]" name="loginPageTitleTest" duration-ms="6" started-at="2019-08-25T01:16:01Z" finished-at="2019-08-25T01:16:01Z">
          <reporter-output>
          </reporter-output>
        </test-method> <!-- loginPageTitleTest -->
        <test-method status="PASS" signature="tearDown()[pri:0, instance:com.crm.qa.testcases.LoginPageTest@dfd3711]" name="tearDown" is-config="true" duration-ms="85" started-at="2019-08-25T01:16:01Z" finished-at="2019-08-25T01:16:01Z">
          <reporter-output>
          </reporter-output>
        </test-method> <!-- tearDown -->
        <test-method status="PASS" signature="setUp()[pri:0, instance:com.crm.qa.testcases.LoginPageTest@dfd3711]" name="setUp" is-config="true" duration-ms="3150" started-at="2019-08-25T01:16:12Z" finished-at="2019-08-25T01:16:15Z">
          <reporter-output>
          </reporter-output>
        </test-method> <!-- setUp -->
        <test-method status="PASS" signature="crmLogoImageTest()[pri:2, instance:com.crm.qa.testcases.LoginPageTest@dfd3711]" name="crmLogoImageTest" duration-ms="71" started-at="2019-08-25T01:16:15Z" finished-at="2019-08-25T01:16:15Z">
          <reporter-output>
          </reporter-output>
        </test-method> <!-- crmLogoImageTest -->
        <test-method status="PASS" signature="tearDown()[pri:0, instance:com.crm.qa.testcases.LoginPageTest@dfd3711]" name="tearDown" is-config="true" duration-ms="88" started-at="2019-08-25T01:16:15Z" finished-at="2019-08-25T01:16:15Z">
          <reporter-output>
          </reporter-output>
        </test-method> <!-- tearDown -->
        <test-method status="PASS" signature="setUp()[pri:0, instance:com.crm.qa.testcases.LoginPageTest@dfd3711]" name="setUp" is-config="true" duration-ms="3168" started-at="2019-08-25T01:16:27Z" finished-at="2019-08-25T01:16:30Z">
          <reporter-output>
          </reporter-output>
        </test-method> <!-- setUp -->
        <test-method status="PASS" signature="loginTest()[pri:3, instance:com.crm.qa.testcases.LoginPageTest@dfd3711]" name="loginTest" duration-ms="3043" started-at="2019-08-25T01:16:30Z" finished-at="2019-08-25T01:16:33Z">
          <reporter-output>
          </reporter-output>
        </test-method> <!-- loginTest -->
        <test-method status="PASS" signature="tearDown()[pri:0, instance:com.crm.qa.testcases.LoginPageTest@dfd3711]" name="tearDown" is-config="true" duration-ms="94" started-at="2019-08-25T01:16:33Z" finished-at="2019-08-25T01:16:33Z">
          <reporter-output>
          </reporter-output>
        </test-method> <!-- tearDown -->
      </class> <!-- com.crm.qa.testcases.LoginPageTest -->
    </test> <!-- Command line test -->
  </suite> <!-- Command line suite -->
</testng-results>
