<?xml version="1.0" encoding="UTF-8"?>
<testng-results skipped="0" failed="0" ignored="0" total="13" passed="13">
  <reporter-output>
  </reporter-output>
  <suite name="Command line suite" duration-ms="136605" started-at="2019-09-15T15:41:09Z" finished-at="2019-09-15T15:43:26Z">
    <groups>
    </groups>
    <test name="Command line test" duration-ms="136605" started-at="2019-09-15T15:41:09Z" finished-at="2019-09-15T15:43:26Z">
      <class name="com.crm.qa.testcases.ContactPageTest">
        <test-method status="PASS" signature="setUp()[pri:0, instance:com.crm.qa.testcases.ContactPageTest@64616ca2]" name="setUp" is-config="true" duration-ms="10512" started-at="2019-09-15T11:41:09Z" finished-at="2019-09-15T11:41:20Z">
          <reporter-output>
          </reporter-output>
        </test-method> <!-- setUp -->
        <test-method status="PASS" signature="verifyContactsPageLabel()[pri:1, instance:com.crm.qa.testcases.ContactPageTest@64616ca2]" name="verifyContactsPageLabel" duration-ms="42" started-at="2019-09-15T11:41:20Z" finished-at="2019-09-15T11:41:20Z">
          <reporter-output>
          </reporter-output>
        </test-method> <!-- verifyContactsPageLabel -->
        <test-method status="PASS" signature="tearDown()[pri:0, instance:com.crm.qa.testcases.ContactPageTest@64616ca2]" name="tearDown" is-config="true" duration-ms="94" started-at="2019-09-15T11:41:20Z" finished-at="2019-09-15T11:41:20Z">
          <reporter-output>
          </reporter-output>
        </test-method> <!-- tearDown -->
        <test-method status="PASS" signature="setUp()[pri:0, instance:com.crm.qa.testcases.ContactPageTest@64616ca2]" name="setUp" is-config="true" duration-ms="5661" started-at="2019-09-15T11:41:29Z" finished-at="2019-09-15T11:41:35Z">
          <reporter-output>
          </reporter-output>
        </test-method> <!-- setUp -->
        <test-method status="PASS" signature="selectSingleContactsLink()[pri:2, instance:com.crm.qa.testcases.ContactPageTest@64616ca2]" name="selectSingleContactsLink" duration-ms="70" started-at="2019-09-15T11:41:35Z" finished-at="2019-09-15T11:41:35Z">
          <reporter-output>
          </reporter-output>
        </test-method> <!-- selectSingleContactsLink -->
        <test-method status="PASS" signature="tearDown()[pri:0, instance:com.crm.qa.testcases.ContactPageTest@64616ca2]" name="tearDown" is-config="true" duration-ms="91" started-at="2019-09-15T11:41:35Z" finished-at="2019-09-15T11:41:35Z">
          <reporter-output>
          </reporter-output>
        </test-method> <!-- tearDown -->
        <test-method status="PASS" signature="setUp()[pri:0, instance:com.crm.qa.testcases.ContactPageTest@64616ca2]" name="setUp" is-config="true" duration-ms="5507" started-at="2019-09-15T11:41:43Z" finished-at="2019-09-15T11:41:49Z">
          <reporter-output>
          </reporter-output>
        </test-method> <!-- setUp -->
        <test-method status="PASS" signature="selectMultipleContactsLink()[pri:3, instance:com.crm.qa.testcases.ContactPageTest@64616ca2]" name="selectMultipleContactsLink" duration-ms="173" started-at="2019-09-15T11:41:49Z" finished-at="2019-09-15T11:41:49Z">
          <reporter-output>
          </reporter-output>
        </test-method> <!-- selectMultipleContactsLink -->
        <test-method status="PASS" signature="tearDown()[pri:0, instance:com.crm.qa.testcases.ContactPageTest@64616ca2]" name="tearDown" is-config="true" duration-ms="94" started-at="2019-09-15T11:41:49Z" finished-at="2019-09-15T11:41:49Z">
          <reporter-output>
          </reporter-output>
        </test-method> <!-- tearDown -->
        <test-method status="PASS" signature="setUp()[pri:0, instance:com.crm.qa.testcases.ContactPageTest@64616ca2]" name="setUp" is-config="true" duration-ms="5593" started-at="2019-09-15T11:42:06Z" finished-at="2019-09-15T11:42:12Z">
          <reporter-output>
          </reporter-output>
        </test-method> <!-- setUp -->
        <test-method status="PASS" signature="validateCreateNewContact(java.lang.String, java.lang.String, java.lang.String, java.lang.String)[pri:4, instance:com.crm.qa.testcases.ContactPageTest@64616ca2]" name="validateCreateNewContact" duration-ms="13261" started-at="2019-09-15T11:42:12Z" data-provider="getCRMTestData" finished-at="2019-09-15T11:42:25Z">
          <params>
            <param index="0">
              <value>
                <![CDATA[Miss]]>
              </value>
            </param>
            <param index="1">
              <value>
                <![CDATA[Lilia]]>
              </value>
            </param>
            <param index="2">
              <value>
                <![CDATA[Brinly]]>
              </value>
            </param>
            <param index="3">
              <value>
                <![CDATA[Google]]>
              </value>
            </param>
          </params>
          <reporter-output>
          </reporter-output>
        </test-method> <!-- validateCreateNewContact -->
        <test-method status="PASS" signature="tearDown()[pri:0, instance:com.crm.qa.testcases.ContactPageTest@64616ca2]" name="tearDown" is-config="true" duration-ms="94" started-at="2019-09-15T11:42:25Z" finished-at="2019-09-15T11:42:25Z">
          <reporter-output>
          </reporter-output>
        </test-method> <!-- tearDown -->
        <test-method status="PASS" signature="setUp()[pri:0, instance:com.crm.qa.testcases.ContactPageTest@64616ca2]" name="setUp" is-config="true" duration-ms="5559" started-at="2019-09-15T11:42:25Z" finished-at="2019-09-15T11:42:30Z">
          <reporter-output>
          </reporter-output>
        </test-method> <!-- setUp -->
        <test-method status="PASS" signature="validateCreateNewContact(java.lang.String, java.lang.String, java.lang.String, java.lang.String)[pri:4, instance:com.crm.qa.testcases.ContactPageTest@64616ca2]" name="validateCreateNewContact" duration-ms="2101" started-at="2019-09-15T11:42:30Z" data-provider="getCRMTestData" finished-at="2019-09-15T11:42:33Z">
          <params>
            <param index="0">
              <value>
                <![CDATA[Dr.]]>
              </value>
            </param>
            <param index="1">
              <value>
                <![CDATA[Piter]]>
              </value>
            </param>
            <param index="2">
              <value>
                <![CDATA[Edison]]>
              </value>
            </param>
            <param index="3">
              <value>
                <![CDATA[SDLC]]>
              </value>
            </param>
          </params>
          <reporter-output>
          </reporter-output>
        </test-method> <!-- validateCreateNewContact -->
        <test-method status="PASS" signature="tearDown()[pri:0, instance:com.crm.qa.testcases.ContactPageTest@64616ca2]" name="tearDown" is-config="true" duration-ms="98" started-at="2019-09-15T11:42:33Z" finished-at="2019-09-15T11:42:33Z">
          <reporter-output>
          </reporter-output>
        </test-method> <!-- tearDown -->
        <test-method status="PASS" signature="setUp()[pri:0, instance:com.crm.qa.testcases.ContactPageTest@64616ca2]" name="setUp" is-config="true" duration-ms="11428" started-at="2019-09-15T11:42:33Z" finished-at="2019-09-15T11:42:44Z">
          <reporter-output>
          </reporter-output>
        </test-method> <!-- setUp -->
        <test-method status="PASS" signature="validateCreateNewContact(java.lang.String, java.lang.String, java.lang.String, java.lang.String)[pri:4, instance:com.crm.qa.testcases.ContactPageTest@64616ca2]" name="validateCreateNewContact" duration-ms="11531" started-at="2019-09-15T11:42:44Z" data-provider="getCRMTestData" finished-at="2019-09-15T11:42:56Z">
          <params>
            <param index="0">
              <value>
                <![CDATA[Mr.]]>
              </value>
            </param>
            <param index="1">
              <value>
                <![CDATA[David]]>
              </value>
            </param>
            <param index="2">
              <value>
                <![CDATA[Chris]]>
              </value>
            </param>
            <param index="3">
              <value>
                <![CDATA[Amazon]]>
              </value>
            </param>
          </params>
          <reporter-output>
          </reporter-output>
        </test-method> <!-- validateCreateNewContact -->
        <test-method status="PASS" signature="tearDown()[pri:0, instance:com.crm.qa.testcases.ContactPageTest@64616ca2]" name="tearDown" is-config="true" duration-ms="96" started-at="2019-09-15T11:42:56Z" finished-at="2019-09-15T11:42:56Z">
          <reporter-output>
          </reporter-output>
        </test-method> <!-- tearDown -->
        <test-method status="PASS" signature="setUp()[pri:0, instance:com.crm.qa.testcases.ContactPageTest@64616ca2]" name="setUp" is-config="true" duration-ms="10890" started-at="2019-09-15T11:42:56Z" finished-at="2019-09-15T11:43:07Z">
          <reporter-output>
          </reporter-output>
        </test-method> <!-- setUp -->
        <test-method status="PASS" signature="validateCreateNewContact(java.lang.String, java.lang.String, java.lang.String, java.lang.String)[pri:4, instance:com.crm.qa.testcases.ContactPageTest@64616ca2]" name="validateCreateNewContact" duration-ms="19318" started-at="2019-09-15T11:43:07Z" data-provider="getCRMTestData" finished-at="2019-09-15T11:43:26Z">
          <params>
            <param index="0">
              <value>
                <![CDATA[Mrs.]]>
              </value>
            </param>
            <param index="1">
              <value>
                <![CDATA[Natalie]]>
              </value>
            </param>
            <param index="2">
              <value>
                <![CDATA[Hooks]]>
              </value>
            </param>
            <param index="3">
              <value>
                <![CDATA[ebay]]>
              </value>
            </param>
          </params>
          <reporter-output>
          </reporter-output>
        </test-method> <!-- validateCreateNewContact -->
        <test-method status="PASS" signature="tearDown()[pri:0, instance:com.crm.qa.testcases.ContactPageTest@64616ca2]" name="tearDown" is-config="true" duration-ms="95" started-at="2019-09-15T11:43:26Z" finished-at="2019-09-15T11:43:26Z">
          <reporter-output>
          </reporter-output>
        </test-method> <!-- tearDown -->
      </class> <!-- com.crm.qa.testcases.ContactPageTest -->
      <class name="com.crm.qa.testcases.HomePageTest">
        <test-method status="PASS" signature="setUp()[pri:0, instance:com.crm.qa.testcases.HomePageTest@13fee20c]" name="setUp" is-config="true" duration-ms="4990" started-at="2019-09-15T11:41:20Z" finished-at="2019-09-15T11:41:25Z">
          <reporter-output>
          </reporter-output>
        </test-method> <!-- setUp -->
        <test-method status="PASS" signature="verifyHomePageTitleTest()[pri:1, instance:com.crm.qa.testcases.HomePageTest@13fee20c]" name="verifyHomePageTitleTest" duration-ms="4" started-at="2019-09-15T11:41:25Z" finished-at="2019-09-15T11:41:25Z">
          <reporter-output>
          </reporter-output>
        </test-method> <!-- verifyHomePageTitleTest -->
        <test-method status="PASS" signature="tearDown()[pri:0, instance:com.crm.qa.testcases.HomePageTest@13fee20c]" name="tearDown" is-config="true" duration-ms="91" started-at="2019-09-15T11:41:25Z" finished-at="2019-09-15T11:41:25Z">
          <reporter-output>
          </reporter-output>
        </test-method> <!-- tearDown -->
        <test-method status="PASS" signature="setUp()[pri:0, instance:com.crm.qa.testcases.HomePageTest@13fee20c]" name="setUp" is-config="true" duration-ms="5130" started-at="2019-09-15T11:41:35Z" finished-at="2019-09-15T11:41:40Z">
          <reporter-output>
          </reporter-output>
        </test-method> <!-- setUp -->
        <test-method status="PASS" signature="verifyUserNameTest()[pri:2, instance:com.crm.qa.testcases.HomePageTest@13fee20c]" name="verifyUserNameTest" duration-ms="62" started-at="2019-09-15T11:41:40Z" finished-at="2019-09-15T11:41:40Z">
          <reporter-output>
          </reporter-output>
        </test-method> <!-- verifyUserNameTest -->
        <test-method status="PASS" signature="tearDown()[pri:0, instance:com.crm.qa.testcases.HomePageTest@13fee20c]" name="tearDown" is-config="true" duration-ms="88" started-at="2019-09-15T11:41:40Z" finished-at="2019-09-15T11:41:40Z">
          <reporter-output>
          </reporter-output>
        </test-method> <!-- tearDown -->
        <test-method status="PASS" signature="setUp()[pri:0, instance:com.crm.qa.testcases.HomePageTest@13fee20c]" name="setUp" is-config="true" duration-ms="5677" started-at="2019-09-15T11:41:49Z" finished-at="2019-09-15T11:41:55Z">
          <reporter-output>
          </reporter-output>
        </test-method> <!-- setUp -->
        <test-method status="PASS" signature="verifyContactsLinkTest()[pri:3, instance:com.crm.qa.testcases.HomePageTest@13fee20c]" name="verifyContactsLinkTest" duration-ms="6029" started-at="2019-09-15T11:41:55Z" finished-at="2019-09-15T11:42:01Z">
          <reporter-output>
          </reporter-output>
        </test-method> <!-- verifyContactsLinkTest -->
        <test-method status="PASS" signature="tearDown()[pri:0, instance:com.crm.qa.testcases.HomePageTest@13fee20c]" name="tearDown" is-config="true" duration-ms="93" started-at="2019-09-15T11:42:01Z" finished-at="2019-09-15T11:42:01Z">
          <reporter-output>
          </reporter-output>
        </test-method> <!-- tearDown -->
      </class> <!-- com.crm.qa.testcases.HomePageTest -->
      <class name="com.crm.qa.testcases.LoginPageTest">
        <test-method status="PASS" signature="setUp()[pri:0, instance:com.crm.qa.testcases.LoginPageTest@4e04a765]" name="setUp" is-config="true" duration-ms="3725" started-at="2019-09-15T11:41:25Z" finished-at="2019-09-15T11:41:29Z">
          <reporter-output>
          </reporter-output>
        </test-method> <!-- setUp -->
        <test-method status="PASS" signature="loginPageTitleTest()[pri:1, instance:com.crm.qa.testcases.LoginPageTest@4e04a765]" name="loginPageTitleTest" duration-ms="4" started-at="2019-09-15T11:41:29Z" finished-at="2019-09-15T11:41:29Z">
          <reporter-output>
          </reporter-output>
        </test-method> <!-- loginPageTitleTest -->
        <test-method status="PASS" signature="tearDown()[pri:0, instance:com.crm.qa.testcases.LoginPageTest@4e04a765]" name="tearDown" is-config="true" duration-ms="82" started-at="2019-09-15T11:41:29Z" finished-at="2019-09-15T11:41:29Z">
          <reporter-output>
          </reporter-output>
        </test-method> <!-- tearDown -->
        <test-method status="PASS" signature="setUp()[pri:0, instance:com.crm.qa.testcases.LoginPageTest@4e04a765]" name="setUp" is-config="true" duration-ms="3055" started-at="2019-09-15T11:41:40Z" finished-at="2019-09-15T11:41:43Z">
          <reporter-output>
          </reporter-output>
        </test-method> <!-- setUp -->
        <test-method status="PASS" signature="crmLogoImageTest()[pri:2, instance:com.crm.qa.testcases.LoginPageTest@4e04a765]" name="crmLogoImageTest" duration-ms="33" started-at="2019-09-15T11:41:43Z" finished-at="2019-09-15T11:41:43Z">
          <reporter-output>
          </reporter-output>
        </test-method> <!-- crmLogoImageTest -->
        <test-method status="PASS" signature="tearDown()[pri:0, instance:com.crm.qa.testcases.LoginPageTest@4e04a765]" name="tearDown" is-config="true" duration-ms="84" started-at="2019-09-15T11:41:43Z" finished-at="2019-09-15T11:41:43Z">
          <reporter-output>
          </reporter-output>
        </test-method> <!-- tearDown -->
        <test-method status="PASS" signature="setUp()[pri:0, instance:com.crm.qa.testcases.LoginPageTest@4e04a765]" name="setUp" is-config="true" duration-ms="2984" started-at="2019-09-15T11:42:01Z" finished-at="2019-09-15T11:42:04Z">
          <reporter-output>
          </reporter-output>
        </test-method> <!-- setUp -->
        <test-method status="PASS" signature="loginTest()[pri:3, instance:com.crm.qa.testcases.LoginPageTest@4e04a765]" name="loginTest" duration-ms="1638" started-at="2019-09-15T11:42:04Z" finished-at="2019-09-15T11:42:05Z">
          <reporter-output>
          </reporter-output>
        </test-method> <!-- loginTest -->
        <test-method status="PASS" signature="tearDown()[pri:0, instance:com.crm.qa.testcases.LoginPageTest@4e04a765]" name="tearDown" is-config="true" duration-ms="93" started-at="2019-09-15T11:42:05Z" finished-at="2019-09-15T11:42:06Z">
          <reporter-output>
          </reporter-output>
        </test-method> <!-- tearDown -->
      </class> <!-- com.crm.qa.testcases.LoginPageTest -->
    </test> <!-- Command line test -->
  </suite> <!-- Command line suite -->
</testng-results>
