<?xml version="1.0" encoding="UTF-8"?>
<testng-results skipped="0" failed="1" ignored="0" total="2" passed="1">
  <reporter-output>
  </reporter-output>
  <suite name="Default suite" duration-ms="28018" started-at="2019-08-15T04:26:31Z" finished-at="2019-08-15T04:26:59Z">
    <groups>
    </groups>
    <test name="Default test" duration-ms="28018" started-at="2019-08-15T04:26:31Z" finished-at="2019-08-15T04:26:59Z">
      <class name="com.crm.qa.testcases.NewContactsPageTest">
        <test-method status="PASS" signature="setUp()[pri:0, instance:com.crm.qa.testcases.NewContactsPageTest@42d80b78]" name="setUp" is-config="true" duration-ms="6255" started-at="2019-08-15T00:26:31Z" finished-at="2019-08-15T00:26:38Z">
          <reporter-output>
          </reporter-output>
        </test-method> <!-- setUp -->
        <test-method status="PASS" signature="clickOnNewContactLink()[pri:0, instance:com.crm.qa.testcases.NewContactsPageTest@42d80b78]" name="clickOnNewContactLink" duration-ms="986" started-at="2019-08-15T00:26:38Z" finished-at="2019-08-15T00:26:39Z">
          <reporter-output>
          </reporter-output>
        </test-method> <!-- clickOnNewContactLink -->
        <test-method status="PASS" signature="tearDown()[pri:0, instance:com.crm.qa.testcases.NewContactsPageTest@42d80b78]" name="tearDown" is-config="true" duration-ms="93" started-at="2019-08-15T00:26:39Z" finished-at="2019-08-15T00:26:39Z">
          <reporter-output>
          </reporter-output>
        </test-method> <!-- tearDown -->
        <test-method status="PASS" signature="setUp()[pri:0, instance:com.crm.qa.testcases.NewContactsPageTest@42d80b78]" name="setUp" is-config="true" duration-ms="5203" started-at="2019-08-15T00:26:39Z" finished-at="2019-08-15T00:26:44Z">
          <reporter-output>
          </reporter-output>
        </test-method> <!-- setUp -->
        <test-method status="FAIL" signature="fillUpTheInformation()[pri:0, instance:com.crm.qa.testcases.NewContactsPageTest@42d80b78]" name="fillUpTheInformation" duration-ms="15374" started-at="2019-08-15T00:26:44Z" finished-at="2019-08-15T00:26:59Z">
          <exception class="org.openqa.selenium.NoSuchFrameException">
            <message>
              <![CDATA[No frame element found by name or id mainpanel
Build info: version: '3.14.0', revision: 'aacccce0', time: '2018-08-02T20:19:58.91Z'
System info: host: 'Murodjons-MacBook-Pro.local', ip: '2601:547:500:e32:0:0:0:c732%en0', os.name: 'Mac OS X', os.arch: 'x86_64', os.version: '10.14.6', java.version: '1.8.0_191'
Driver info: driver.version: unknown]]>
            </message>
            <full-stacktrace>
              <![CDATA[org.openqa.selenium.NoSuchFrameException: No frame element found by name or id mainpanel
Build info: version: '3.14.0', revision: 'aacccce0', time: '2018-08-02T20:19:58.91Z'
System info: host: 'Murodjons-MacBook-Pro.local', ip: '2601:547:500:e32:0:0:0:c732%en0', os.name: 'Mac OS X', os.arch: 'x86_64', os.version: '10.14.6', java.version: '1.8.0_191'
Driver info: driver.version: unknown
	at org.openqa.selenium.remote.RemoteWebDriver$RemoteTargetLocator.frame(RemoteWebDriver.java:881)
	at com.crm.qa.util.TestUtil.switchToFrame(TestUtil.java:12)
	at com.crm.qa.testcases.NewContactsPageTest.fillUpTheInformation(NewContactsPageTest.java:48)
	at sun.reflect.NativeMethodAccessorImpl.invoke0(Native Method)
	at sun.reflect.NativeMethodAccessorImpl.invoke(NativeMethodAccessorImpl.java:62)
	at sun.reflect.DelegatingMethodAccessorImpl.invoke(DelegatingMethodAccessorImpl.java:43)
	at java.lang.reflect.Method.invoke(Method.java:498)
	at org.testng.internal.MethodInvocationHelper.invokeMethod(MethodInvocationHelper.java:108)
	at org.testng.internal.Invoker.invokeMethod(Invoker.java:661)
	at org.testng.internal.Invoker.invokeTestMethod(Invoker.java:869)
	at org.testng.internal.Invoker.invokeTestMethods(Invoker.java:1193)
	at org.testng.internal.TestMethodWorker.invokeTestMethods(TestMethodWorker.java:126)
	at org.testng.internal.TestMethodWorker.run(TestMethodWorker.java:109)
	at org.testng.TestRunner.privateRun(TestRunner.java:744)
	at org.testng.TestRunner.run(TestRunner.java:602)
	at org.testng.SuiteRunner.runTest(SuiteRunner.java:380)
	at org.testng.SuiteRunner.runSequentially(SuiteRunner.java:375)
	at org.testng.SuiteRunner.privateRun(SuiteRunner.java:340)
	at org.testng.SuiteRunner.run(SuiteRunner.java:289)
	at org.testng.SuiteRunnerWorker.runSuite(SuiteRunnerWorker.java:52)
	at org.testng.SuiteRunnerWorker.run(SuiteRunnerWorker.java:86)
	at org.testng.TestNG.runSuitesSequentially(TestNG.java:1301)
	at org.testng.TestNG.runSuitesLocally(TestNG.java:1226)
	at org.testng.TestNG.runSuites(TestNG.java:1144)
	at org.testng.TestNG.run(TestNG.java:1115)
	at org.testng.remote.AbstractRemoteTestNG.run(AbstractRemoteTestNG.java:132)
	at org.testng.remote.RemoteTestNG.initAndRun(RemoteTestNG.java:236)
	at org.testng.remote.RemoteTestNG.main(RemoteTestNG.java:81)
]]>
            </full-stacktrace>
          </exception> <!-- org.openqa.selenium.NoSuchFrameException -->
          <reporter-output>
          </reporter-output>
        </test-method> <!-- fillUpTheInformation -->
        <test-method status="PASS" signature="tearDown()[pri:0, instance:com.crm.qa.testcases.NewContactsPageTest@42d80b78]" name="tearDown" is-config="true" duration-ms="92" started-at="2019-08-15T00:26:59Z" finished-at="2019-08-15T00:26:59Z">
          <reporter-output>
          </reporter-output>
        </test-method> <!-- tearDown -->
      </class> <!-- com.crm.qa.testcases.NewContactsPageTest -->
    </test> <!-- Default test -->
  </suite> <!-- Default suite -->
</testng-results>
