<?xml version="1.0" encoding="UTF-8"?>
<testng-results skipped="0" failed="0" ignored="3" total="7" passed="4">
  <reporter-output>
  </reporter-output>
  <suite name="Default suite" duration-ms="37270" started-at="2019-09-16T06:09:50Z" finished-at="2019-09-16T06:10:27Z">
    <groups>
    </groups>
    <test name="Default test" duration-ms="37270" started-at="2019-09-16T06:09:50Z" finished-at="2019-09-16T06:10:27Z">
      <class name="com.crm.qa.testcases.ContactPageTest">
        <test-method status="PASS" signature="setUp()[pri:0, instance:com.crm.qa.testcases.ContactPageTest@6d4b1c02]" name="setUp" is-config="true" duration-ms="6183" started-at="2019-09-16T02:09:50Z" finished-at="2019-09-16T02:09:57Z">
          <reporter-output>
          </reporter-output>
        </test-method> <!-- setUp -->
        <test-method status="PASS" signature="validateCreateNewContact(java.lang.String, java.lang.String, java.lang.String, java.lang.String, java.lang.String, java.lang.String, java.lang.String, java.lang.String, java.lang.String, java.lang.String, java.lang.String, java.lang.String, java.lang.String, java.lang.String, java.lang.String, java.lang.String, java.lang.String, java.lang.String, java.lang.String, java.lang.String, java.lang.String, java.lang.String, java.lang.String)[pri:4, instance:com.crm.qa.testcases.ContactPageTest@6d4b1c02]" name="validateCreateNewContact" duration-ms="3716" started-at="2019-09-16T02:09:57Z" data-provider="getCRMTestData" finished-at="2019-09-16T02:10:00Z">
          <params>
            <param index="0">
              <value>
                <![CDATA[Miss]]>
              </value>
            </param>
            <param index="1">
              <value>
                <![CDATA[Lilia]]>
              </value>
            </param>
            <param index="2">
              <value>
                <![CDATA[Brinly]]>
              </value>
            </param>
            <param index="3">
              <value>
                <![CDATA[Google]]>
              </value>
            </param>
            <param index="4">
              <value>
                <![CDATA[LILI]]>
              </value>
            </param>
            <param index="5">
              <value>
                <![CDATA[Manager]]>
              </value>
            </param>
            <param index="6">
              <value>
                <![CDATA[Esq.]]>
              </value>
            </param>
            <param index="7">
              <value>
                <![CDATA[TC22]]>
              </value>
            </param>
            <param index="8">
              <value>
                <![CDATA[Alendalon]]>
              </value>
            </param>
            <param index="9">
              <value>
                <![CDATA[Murodjon]]>
              </value>
            </param>
            <param index="10">
              <value>
                <![CDATA[Nicolas]]>
              </value>
            </param>
            <param index="11">
              <value>
                <![CDATA[Friend]]>
              </value>
            </param>
            <param index="12">
              <value>
                <![CDATA[Active]]>
              </value>
            </param>
            <param index="13">
              <value>
                <![CDATA[724-222-3111]]>
              </value>
            </param>
            <param index="14">
              <value>
                <![CDATA[724-222-3111]]>
              </value>
            </param>
            <param index="15">
              <value>
                <![CDATA[724-222-3111]]>
              </value>
            </param>
            <param index="16">
              <value>
                <![CDATA[724-222-3111]]>
              </value>
            </param>
            <param index="17">
              <value>
                <![CDATA[das@gmail.com]]>
              </value>
            </param>
            <param index="18">
              <value>
                <![CDATA[mass.das]]>
              </value>
            </param>
            <param index="19">
              <value>
                <![CDATA[ICQ]]>
              </value>
            </param>
            <param index="20">
              <value>
                <![CDATA[live:das]]>
              </value>
            </param>
            <param index="21">
              <value>
                <![CDATA[Ad]]>
              </value>
            </param>
            <param index="22">
              <value>
                <![CDATA[123142.0]]>
              </value>
            </param>
          </params>
          <reporter-output>
          </reporter-output>
        </test-method> <!-- validateCreateNewContact -->
        <test-method status="PASS" signature="tearDown()[pri:0, instance:com.crm.qa.testcases.ContactPageTest@6d4b1c02]" name="tearDown" is-config="true" duration-ms="99" started-at="2019-09-16T02:10:00Z" finished-at="2019-09-16T02:10:00Z">
          <reporter-output>
          </reporter-output>
        </test-method> <!-- tearDown -->
        <test-method status="PASS" signature="setUp()[pri:0, instance:com.crm.qa.testcases.ContactPageTest@6d4b1c02]" name="setUp" is-config="true" duration-ms="5556" started-at="2019-09-16T02:10:00Z" finished-at="2019-09-16T02:10:06Z">
          <reporter-output>
          </reporter-output>
        </test-method> <!-- setUp -->
        <test-method status="PASS" signature="validateCreateNewContact(java.lang.String, java.lang.String, java.lang.String, java.lang.String, java.lang.String, java.lang.String, java.lang.String, java.lang.String, java.lang.String, java.lang.String, java.lang.String, java.lang.String, java.lang.String, java.lang.String, java.lang.String, java.lang.String, java.lang.String, java.lang.String, java.lang.String, java.lang.String, java.lang.String, java.lang.String, java.lang.String)[pri:4, instance:com.crm.qa.testcases.ContactPageTest@6d4b1c02]" name="validateCreateNewContact" duration-ms="3533" started-at="2019-09-16T02:10:06Z" data-provider="getCRMTestData" finished-at="2019-09-16T02:10:09Z">
          <params>
            <param index="0">
              <value>
                <![CDATA[Dr.]]>
              </value>
            </param>
            <param index="1">
              <value>
                <![CDATA[Piter]]>
              </value>
            </param>
            <param index="2">
              <value>
                <![CDATA[Edison]]>
              </value>
            </param>
            <param index="3">
              <value>
                <![CDATA[Uber]]>
              </value>
            </param>
            <param index="4">
              <value>
                <![CDATA[Pt]]>
              </value>
            </param>
            <param index="5">
              <value>
                <![CDATA[SDET]]>
              </value>
            </param>
            <param index="6">
              <value>
                <![CDATA[II]]>
              </value>
            </param>
            <param index="7">
              <value>
                <![CDATA[TC01]]>
              </value>
            </param>
            <param index="8">
              <value>
                <![CDATA[Firik]]>
              </value>
            </param>
            <param index="9">
              <value>
                <![CDATA[Kim]]>
              </value>
            </param>
            <param index="10">
              <value>
                <![CDATA[Antonio]]>
              </value>
            </param>
            <param index="11">
              <value>
                <![CDATA[Key Contact]]>
              </value>
            </param>
            <param index="12">
              <value>
                <![CDATA[Hot]]>
              </value>
            </param>
            <param index="13">
              <value>
                <![CDATA[312-221-5511]]>
              </value>
            </param>
            <param index="14">
              <value>
                <![CDATA[312-221-5511]]>
              </value>
            </param>
            <param index="15">
              <value>
                <![CDATA[312-221-5511]]>
              </value>
            </param>
            <param index="16">
              <value>
                <![CDATA[312-221-5511]]>
              </value>
            </param>
            <param index="17">
              <value>
                <![CDATA[svav@mail.com]]>
              </value>
            </param>
            <param index="18">
              <value>
                <![CDATA[mass.123]]>
              </value>
            </param>
            <param index="19">
              <value>
                <![CDATA[ICQ]]>
              </value>
            </param>
            <param index="20">
              <value>
                <![CDATA[live:sad111]]>
              </value>
            </param>
            <param index="21">
              <value>
                <![CDATA[Call in]]>
              </value>
            </param>
            <param index="22">
              <value>
                <![CDATA[515213.0]]>
              </value>
            </param>
          </params>
          <reporter-output>
          </reporter-output>
        </test-method> <!-- validateCreateNewContact -->
        <test-method status="PASS" signature="tearDown()[pri:0, instance:com.crm.qa.testcases.ContactPageTest@6d4b1c02]" name="tearDown" is-config="true" duration-ms="94" started-at="2019-09-16T02:10:09Z" finished-at="2019-09-16T02:10:10Z">
          <reporter-output>
          </reporter-output>
        </test-method> <!-- tearDown -->
        <test-method status="PASS" signature="setUp()[pri:0, instance:com.crm.qa.testcases.ContactPageTest@6d4b1c02]" name="setUp" is-config="true" duration-ms="5296" started-at="2019-09-16T02:10:10Z" finished-at="2019-09-16T02:10:15Z">
          <reporter-output>
          </reporter-output>
        </test-method> <!-- setUp -->
        <test-method status="PASS" signature="validateCreateNewContact(java.lang.String, java.lang.String, java.lang.String, java.lang.String, java.lang.String, java.lang.String, java.lang.String, java.lang.String, java.lang.String, java.lang.String, java.lang.String, java.lang.String, java.lang.String, java.lang.String, java.lang.String, java.lang.String, java.lang.String, java.lang.String, java.lang.String, java.lang.String, java.lang.String, java.lang.String, java.lang.String)[pri:4, instance:com.crm.qa.testcases.ContactPageTest@6d4b1c02]" name="validateCreateNewContact" duration-ms="3507" started-at="2019-09-16T02:10:15Z" data-provider="getCRMTestData" finished-at="2019-09-16T02:10:18Z">
          <params>
            <param index="0">
              <value>
                <![CDATA[Mr.]]>
              </value>
            </param>
            <param index="1">
              <value>
                <![CDATA[David]]>
              </value>
            </param>
            <param index="2">
              <value>
                <![CDATA[Chris]]>
              </value>
            </param>
            <param index="3">
              <value>
                <![CDATA[Amazon]]>
              </value>
            </param>
            <param index="4">
              <value>
                <![CDATA[DC]]>
              </value>
            </param>
            <param index="5">
              <value>
                <![CDATA[Developer]]>
              </value>
            </param>
            <param index="6">
              <value>
                <![CDATA[Jr.]]>
              </value>
            </param>
            <param index="7">
              <value>
                <![CDATA[TC31]]>
              </value>
            </param>
            <param index="8">
              <value>
                <![CDATA[Toffik]]>
              </value>
            </param>
            <param index="9">
              <value>
                <![CDATA[Tim]]>
              </value>
            </param>
            <param index="10">
              <value>
                <![CDATA[Jordj]]>
              </value>
            </param>
            <param index="11">
              <value>
                <![CDATA[Friend]]>
              </value>
            </param>
            <param index="12">
              <value>
                <![CDATA[Hot]]>
              </value>
            </param>
            <param index="13">
              <value>
                <![CDATA[512-552-8631]]>
              </value>
            </param>
            <param index="14">
              <value>
                <![CDATA[512-552-8631]]>
              </value>
            </param>
            <param index="15">
              <value>
                <![CDATA[512-552-8631]]>
              </value>
            </param>
            <param index="16">
              <value>
                <![CDATA[512-552-8631]]>
              </value>
            </param>
            <param index="17">
              <value>
                <![CDATA[gagc@yahoo.com]]>
              </value>
            </param>
            <param index="18">
              <value>
                <![CDATA[mass.gfsad]]>
              </value>
            </param>
            <param index="19">
              <value>
                <![CDATA[IRC]]>
              </value>
            </param>
            <param index="20">
              <value>
                <![CDATA[ive:ken]]>
              </value>
            </param>
            <param index="21">
              <value>
                <![CDATA[Email]]>
              </value>
            </param>
            <param index="22">
              <value>
                <![CDATA[513531.0]]>
              </value>
            </param>
          </params>
          <reporter-output>
          </reporter-output>
        </test-method> <!-- validateCreateNewContact -->
        <test-method status="PASS" signature="tearDown()[pri:0, instance:com.crm.qa.testcases.ContactPageTest@6d4b1c02]" name="tearDown" is-config="true" duration-ms="95" started-at="2019-09-16T02:10:18Z" finished-at="2019-09-16T02:10:18Z">
          <reporter-output>
          </reporter-output>
        </test-method> <!-- tearDown -->
        <test-method status="PASS" signature="setUp()[pri:0, instance:com.crm.qa.testcases.ContactPageTest@6d4b1c02]" name="setUp" is-config="true" duration-ms="5282" started-at="2019-09-16T02:10:18Z" finished-at="2019-09-16T02:10:24Z">
          <reporter-output>
          </reporter-output>
        </test-method> <!-- setUp -->
        <test-method status="PASS" signature="validateCreateNewContact(java.lang.String, java.lang.String, java.lang.String, java.lang.String, java.lang.String, java.lang.String, java.lang.String, java.lang.String, java.lang.String, java.lang.String, java.lang.String, java.lang.String, java.lang.String, java.lang.String, java.lang.String, java.lang.String, java.lang.String, java.lang.String, java.lang.String, java.lang.String, java.lang.String, java.lang.String, java.lang.String)[pri:4, instance:com.crm.qa.testcases.ContactPageTest@6d4b1c02]" name="validateCreateNewContact" duration-ms="3455" started-at="2019-09-16T02:10:24Z" data-provider="getCRMTestData" finished-at="2019-09-16T02:10:27Z">
          <params>
            <param index="0">
              <value>
                <![CDATA[Mrs.]]>
              </value>
            </param>
            <param index="1">
              <value>
                <![CDATA[Natalie]]>
              </value>
            </param>
            <param index="2">
              <value>
                <![CDATA[Hooks]]>
              </value>
            </param>
            <param index="3">
              <value>
                <![CDATA[ebay]]>
              </value>
            </param>
            <param index="4">
              <value>
                <![CDATA[Nat]]>
              </value>
            </param>
            <param index="5">
              <value>
                <![CDATA[Engineer]]>
              </value>
            </param>
            <param index="6">
              <value>
                <![CDATA[IV]]>
              </value>
            </param>
            <param index="7">
              <value>
                <![CDATA[TC21]]>
              </value>
            </param>
            <param index="8">
              <value>
                <![CDATA[Kumar]]>
              </value>
            </param>
            <param index="9">
              <value>
                <![CDATA[Tom]]>
              </value>
            </param>
            <param index="10">
              <value>
                <![CDATA[John]]>
              </value>
            </param>
            <param index="11">
              <value>
                <![CDATA[Lead]]>
              </value>
            </param>
            <param index="12">
              <value>
                <![CDATA[New]]>
              </value>
            </param>
            <param index="13">
              <value>
                <![CDATA[901-221-5166]]>
              </value>
            </param>
            <param index="14">
              <value>
                <![CDATA[901-221-5166]]>
              </value>
            </param>
            <param index="15">
              <value>
                <![CDATA[901-221-5166]]>
              </value>
            </param>
            <param index="16">
              <value>
                <![CDATA[901-221-5166]]>
              </value>
            </param>
            <param index="17">
              <value>
                <![CDATA[pasf@outlook.com]]>
              </value>
            </param>
            <param index="18">
              <value>
                <![CDATA[mass.psda]]>
              </value>
            </param>
            <param index="19">
              <value>
                <![CDATA[IRC]]>
              </value>
            </param>
            <param index="20">
              <value>
                <![CDATA[live:pop]]>
              </value>
            </param>
            <param index="21">
              <value>
                <![CDATA[Ad]]>
              </value>
            </param>
            <param index="22">
              <value>
                <![CDATA[213213.0]]>
              </value>
            </param>
          </params>
          <reporter-output>
          </reporter-output>
        </test-method> <!-- validateCreateNewContact -->
        <test-method status="PASS" signature="tearDown()[pri:0, instance:com.crm.qa.testcases.ContactPageTest@6d4b1c02]" name="tearDown" is-config="true" duration-ms="93" started-at="2019-09-16T02:10:27Z" finished-at="2019-09-16T02:10:27Z">
          <reporter-output>
          </reporter-output>
        </test-method> <!-- tearDown -->
      </class> <!-- com.crm.qa.testcases.ContactPageTest -->
    </test> <!-- Default test -->
  </suite> <!-- Default suite -->
</testng-results>
